
> poketcg-aggregator@1.0.0 build
> vite build

[36mvite v5.4.21 [32mbuilding SSR bundle for production...[36m[39m
transforming...

src\routes\+layout.svelte
`<slot />` missing  inner content will not be rendered
[32m[39m 70 modules transformed.
x Build failed in 972ms
error during build:
[vite-plugin-svelte] [plugin vite-plugin-svelte] src/routes/+layout.svelte (9:1): C:/Users/anacs/poketcg-aggregator/src/routes/+layout.svelte:9:1 Unexpected character '@'
file: C:/Users/anacs/poketcg-aggregator/src/routes/+layout.svelte:9:1

  7 |  </svelte:head>
  8 |  
  9 |  {@render children()}
        ^

ParseError: Unexpected character '@'
    at error (file:///C:/Users/anacs/poketcg-aggregator/node_modules/svelte/src/compiler/utils/error.js:56:16)
    at Parser.error (file:///C:/Users/anacs/poketcg-aggregator/node_modules/svelte/src/compiler/parse/index.js:143:3)
    at Parser.acorn_error (file:///C:/Users/anacs/poketcg-aggregator/node_modules/svelte/src/compiler/parse/index.js:130:8)
    at read_expression (file:///C:/Users/anacs/poketcg-aggregator/node_modules/svelte/src/compiler/parse/read/expression.js:36:10)
    at mustache (file:///C:/Users/anacs/poketcg-aggregator/node_modules/svelte/src/compiler/parse/state/mustache.js:356:22)
    at new Parser (file:///C:/Users/anacs/poketcg-aggregator/node_modules/svelte/src/compiler/parse/index.js:91:12)
    at parse (file:///C:/Users/anacs/poketcg-aggregator/node_modules/svelte/src/compiler/parse/index.js:268:17)
    at Module.compile (file:///C:/Users/anacs/poketcg-aggregator/node_modules/svelte/src/compiler/compile/index.js:136:14)
    at compileSvelte (file:///C:/Users/anacs/poketcg-aggregator/node_modules/@sveltejs/vite-plugin-svelte/src/utils/compile.js:140:22)
    at process.processTicksAndRejections (node:internal/process/task_queues:104:5)
