
> poketcg-aggregator@1.0.0 job:scrape
> tsx src/scripts/scraper-job.ts

Running scraper pipeline...
Scraping LigaPokemon for: Pikachu (Base Set)...
Waiting for marketplace on Pikachu...
Timeout waiting for .link-store on Pikachu. Checking for fallback...
No listings found for Pikachu
Scraping LigaPokemon for: Blaine's Charizard (Gym Challenge)...
Waiting for marketplace on Blaine's Charizard...
No listings found for Blaine's Charizard
Scraping LigaPokemon for: Charizard (Secret Wonders)...
Waiting for marketplace on Charizard...
No listings found for Charizard
Scraping LigaPokemon for: Pikachu (Wizards Black Star Promos)...
Waiting for marketplace on Pikachu...
Timeout waiting for .link-store on Pikachu. Checking for fallback...
No listings found for Pikachu
Scraping LigaPokemon for: Charizard (Arceus)...
Waiting for marketplace on Charizard...
No listings found for Charizard
Scraping complete. Total listings found: 0
Scraping and normalization complete.
