
> poketcg-aggregator@1.0.0 job:scrape
> tsx src/scripts/scraper-job.ts

Running scraper pipeline...
Scraping LigaPokemon for: Pikachu (Base Set)...
Waiting for marketplace on Pikachu...
Scraping LigaPokemon for: Blaine's Charizard (Gym Challenge)...
Waiting for marketplace on Blaine's Charizard...
Scraping LigaPokemon for: Charizard (Secret Wonders)...
Waiting for marketplace on Charizard...
Scraping LigaPokemon for: Pikachu (Wizards Black Star Promos)...
Waiting for marketplace on Pikachu...
Scraping LigaPokemon for: Charizard (Arceus)...
Waiting for marketplace on Charizard...
Scraping LigaPokemon for: Charizard (Base Set 2)...
Waiting for marketplace on Charizard...
Scraping LigaPokemon for: Charizard (Legendary Collection)...
Waiting for marketplace on Charizard...
Scraping LigaPokemon for: Charizard (Detective Pikachu)...
Waiting for marketplace on Charizard...
Scraping LigaPokemon for: Charizard (Dragon Majesty)...
Waiting for marketplace on Charizard...
Scraping LigaPokemon for: Pikachu (McDonald's Collection 2019)...
Waiting for marketplace on Pikachu...
Scraping LigaPokemon for: Pikachu (Wizards Black Star Promos)...
Waiting for marketplace on Pikachu...
Scraping LigaPokemon for: Charizard (Base)...
Waiting for marketplace on Charizard...
Scraping LigaPokemon for: Dark Charizard (Team Rocket)...
Waiting for marketplace on Dark Charizard...
Scraping LigaPokemon for: Charizard ╬┤ (Crystal Guardians)...
Could not find card link for Charizard ╬┤ (Crystal Guardians)
Scraping LigaPokemon for: Detective Pikachu (Detective Pikachu)...
Waiting for marketplace on Detective Pikachu...
Scraping complete. Total listings found: 0
Scraping and normalization complete.
